[ 2018-12-17 14:17:31.3234 14958/0x1084025c0 age/Wat/WatchdogMain.cpp:1291 ]: Starting Passenger watchdog...
[ 2018-12-17 14:17:31.3451 14960/0x1106f15c0 age/Cor/CoreMain.cpp:982 ]: Starting Passenger core...
[ 2018-12-17 14:17:31.3461 14960/0x1106f15c0 age/Cor/CoreMain.cpp:235 ]: Passenger core running in multi-application mode.
[ 2018-12-17 14:17:31.3512 14960/0x1106f15c0 age/Cor/CoreMain.cpp:732 ]: Passenger core online, PID 14960
[ 2018-12-17 14:17:31.3686 14962/0x110bc15c0 age/Ust/UstRouterMain.cpp:529 ]: Starting Passenger UstRouter...
[ 2018-12-17 14:17:31.3700 14962/0x110bc15c0 age/Ust/UstRouterMain.cpp:342 ]: Passenger UstRouter online, PID 14962
2018/12/17 14:17:33 [error] 14965#0: *4 directory index of "/joshankabrandt/josh-ankabrandt/public/" is forbidden, client: 127.0.0.1, server: _, request: "HEAD / HTTP/1.1", host: "0.0.0.0"


[ 2018-12-17 14:17:39.7938 14962/0x700003335000 age/Ust/UstRouterMain.cpp:422 ]: Signal received. Gracefully shutting down... (send signal 2 more time(s) to force shutdown)
[ 2018-12-17 14:17:39.7939 14960/0x700008fd7000 age/Cor/CoreMain.cpp:532 ]: Signal received. Gracefully shutting down... (send signal 2 more time(s) to force shutdown)
[ 2018-12-17 14:17:39.7939 14962/0x110bc15c0 age/Ust/UstRouterMain.cpp:492 ]: Received command to shutdown gracefully. Waiting until all clients have disconnected...
[ 2018-12-17 14:17:39.7939 14960/0x1106f15c0 age/Cor/CoreMain.cpp:901 ]: Received command to shutdown gracefully. Waiting until all clients have disconnected...
[ 2018-12-17 14:17:39.7940 14962/0x700003335000 Ser/Server.h:464 ]: [UstRouter] Shutdown finished
[ 2018-12-17 14:17:39.7940 14962/0x70000343b000 Ser/Server.h:816 ]: [UstRouterApiServer] Freed 0 spare client objects
[ 2018-12-17 14:17:39.7942 14962/0x70000343b000 Ser/Server.h:464 ]: [UstRouterApiServer] Shutdown finished
[ 2018-12-17 14:17:39.7943 14960/0x700008fd7000 Ser/Server.h:816 ]: [ServerThr.1] Freed 128 spare client objects
[ 2018-12-17 14:17:39.7943 14960/0x700008fd7000 Ser/Server.h:464 ]: [ServerThr.1] Shutdown finished
[ 2018-12-17 14:17:39.7944 14960/0x7000092e9000 Ser/Server.h:816 ]: [ServerThr.4] Freed 128 spare client objects
[ 2018-12-17 14:17:39.7945 14960/0x7000092e9000 Ser/Server.h:464 ]: [ServerThr.4] Shutdown finished
[ 2018-12-17 14:17:39.7945 14960/0x7000094f5000 Ser/Server.h:816 ]: [ServerThr.6] Freed 128 spare client objects
[ 2018-12-17 14:17:39.7945 14960/0x7000095fb000 Ser/Server.h:816 ]: [ServerThr.7] Freed 128 spare client objects
[ 2018-12-17 14:17:39.7946 14960/0x7000094f5000 Ser/Server.h:464 ]: [ServerThr.6] Shutdown finished
[ 2018-12-17 14:17:39.7946 14960/0x700009701000 Ser/Server.h:816 ]: [ServerThr.8] Freed 128 spare client objects
[ 2018-12-17 14:17:39.7944 14960/0x7000091e3000 Ser/Server.h:816 ]: [ServerThr.3] Freed 128 spare client objects
[ 2018-12-17 14:17:39.7946 14960/0x7000095fb000 Ser/Server.h:464 ]: [ServerThr.7] Shutdown finished
[ 2018-12-17 14:17:39.7947 14960/0x7000091e3000 Ser/Server.h:464 ]: [ServerThr.3] Shutdown finished
[ 2018-12-17 14:17:39.7946 14960/0x7000090dd000 Ser/Server.h:816 ]: [ServerThr.2] Freed 128 spare client objects
[ 2018-12-17 14:17:39.7946 14960/0x700009701000 Ser/Server.h:464 ]: [ServerThr.8] Shutdown finished
[ 2018-12-17 14:17:39.7945 14960/0x7000093ef000 Ser/Server.h:816 ]: [ServerThr.5] Freed 128 spare client objects
[ 2018-12-17 14:17:39.7947 14960/0x7000090dd000 Ser/Server.h:464 ]: [ServerThr.2] Shutdown finished
[ 2018-12-17 14:17:39.7948 14960/0x700009807000 Ser/Server.h:816 ]: [ApiServer] Freed 0 spare client objects
[ 2018-12-17 14:17:39.7948 14960/0x7000093ef000 Ser/Server.h:464 ]: [ServerThr.5] Shutdown finished
[ 2018-12-17 14:17:39.7948 14960/0x700009807000 Ser/Server.h:464 ]: [ApiServer] Shutdown finished
[ 2018-12-17 14:17:39.7953 14962/0x110bc15c0 age/Ust/UstRouterMain.cpp:523 ]: Passenger UstRouter shutdown finished
[ 2018-12-17 14:17:39.9164 14960/0x1106f15c0 age/Cor/CoreMain.cpp:967 ]: Passenger core shutdown finished
